<?xml version="1.0" encoding="UTF-8"?>
<coverage generated="1525660944793" clover="3.2.0">
  <project timestamp="1525660944793" name="All files">
    <metrics statements="9" coveredstatements="3" conditionals="2" coveredconditionals="2" methods="3" coveredmethods="2" elements="14" coveredelements="7" complexity="0" loc="9" ncloc="9" packages="2" files="3" classes="3">
      <package name="src">
        <metrics statements="6" coveredstatements="0" conditionals="0" coveredconditionals="0" methods="1" coveredmethods="0"/>
        <file name="App.vue" path="/Users/ajainvivek/SMDev/learn/vue-testing-with-jest/src/App.vue">
          <metrics statements="2" coveredstatements="0" conditionals="0" coveredconditionals="0" methods="0" coveredmethods="0"/>
          <line num="9" count="0" type="stmt"/>
          <line num="10" count="0" type="stmt"/>
        </file>
        <file name="main.js" path="/Users/ajainvivek/SMDev/learn/vue-testing-with-jest/src/main.js">
          <metrics statements="4" coveredstatements="0" conditionals="0" coveredconditionals="0" methods="1" coveredmethods="0"/>
          <line num="1" count="0" type="stmt"/>
          <line num="2" count="0" type="stmt"/>
          <line num="4" count="0" type="stmt"/>
          <line num="6" count="0" type="stmt"/>
        </file>
      </package>
      <package name="src.components">
        <metrics statements="3" coveredstatements="3" conditionals="2" coveredconditionals="2" methods="2" coveredmethods="2"/>
        <file name="MessageToggle.vue" path="/Users/ajainvivek/SMDev/learn/vue-testing-with-jest/src/components/MessageToggle.vue">
          <metrics statements="3" coveredstatements="3" conditionals="2" coveredconditionals="2" methods="2" coveredmethods="2"/>
          <line num="11" count="1" type="stmt"/>
          <line num="15" count="1" type="stmt"/>
          <line num="20" count="2" type="cond" truecount="2" falsecount="0"/>
        </file>
      </package>
    </metrics>
  </project>
</coverage>
