{"/Users/ajainvivek/SMDev/learn/vue-testing-with-jest/src/main.js": {"path":"/Users/ajainvivek/SMDev/learn/vue-testing-with-jest/src/main.js","statementMap":{"0":{"start":{"line":1,"column":0},"end":{"line":null,"column":-1}},"1":{"start":{"line":2,"column":0},"end":{"line":null,"column":-1}},"2":{"start":{"line":3,"column":0},"end":{"line":null,"column":-1}},"3":{"start":{"line":4,"column":0},"end":{"line":null,"column":-1}},"4":{"start":{"line":6,"column":0},"end":{"line":null,"column":-1}},"5":{"start":{"line":7,"column":0},"end":{"line":null,"column":-1}},"6":{"start":{"line":9,"column":0},"end":{"line":null,"column":-1}},"7":{"start":{"line":11,"column":10},"end":{"line":9,"column":7}}},"fnMap":{"0":{"name":"render","decl":{"start":{"line":11,"column":10},"end":{"line":11,"column":14}},"loc":{"start":{"line":11,"column":10},"end":{"line":9,"column":8}}}},"branchMap":{},"s":{"0":0,"1":0,"2":0,"3":0,"4":0,"5":0,"6":0,"7":0},"f":{"0":0},"b":{}}
,"/Users/ajainvivek/SMDev/learn/vue-testing-with-jest/src/router.js": {"path":"/Users/ajainvivek/SMDev/learn/vue-testing-with-jest/src/router.js","statementMap":{"0":{"start":{"line":1,"column":0},"end":{"line":null,"column":-1}},"1":{"start":{"line":2,"column":0},"end":{"line":null,"column":-1}},"2":{"start":{"line":3,"column":0},"end":{"line":null,"column":-1}},"3":{"start":{"line":5,"column":0},"end":{"line":null,"column":-1}},"4":{"start":{"line":7,"column":13},"end":{"line":7,"column":7}},"5":{"start":{"line":16,"column":15},"end":{"line":16,"column":0}}},"fnMap":{},"branchMap":{},"s":{"0":0,"1":0,"2":0,"3":0,"4":0,"5":0},"f":{},"b":{}}
,"/Users/ajainvivek/SMDev/learn/vue-testing-with-jest/src/components/List.vue": {"path":"/Users/ajainvivek/SMDev/learn/vue-testing-with-jest/src/components/List.vue","statementMap":{"0":{"start":{"line":55,"column":0},"end":{"line":null,"column":-1}}},"fnMap":{"0":{"name":"fetchMore","decl":{"start":{"line":54,"column":0},"end":{"line":null,"column":-1}},"loc":{"start":{"line":54,"column":0},"end":{"line":56,"column":0}}}},"branchMap":{},"s":{"0":0},"f":{"0":0},"b":{}}
,"/Users/ajainvivek/SMDev/learn/vue-testing-with-jest/src/pages/Home.vue": {"path":"/Users/ajainvivek/SMDev/learn/vue-testing-with-jest/src/pages/Home.vue","statementMap":{"0":{"start":{"line":8,"column":0},"end":{"line":null,"column":-1}},"1":{"start":{"line":10,"column":0},"end":{"line":null,"column":-1}},"2":{"start":{"line":19,"column":0},"end":{"line":24,"column":0}},"3":{"start":{"line":20,"column":0},"end":{"line":null,"column":-1}},"4":{"start":{"line":28,"column":0},"end":{"line":null,"column":-1}}},"fnMap":{"0":{"name":"characters","decl":{"start":{"line":18,"column":0},"end":{"line":null,"column":-1}},"loc":{"start":{"line":18,"column":0},"end":{"line":25,"column":0}}},"1":{"name":"(anonymous_3)","decl":{"start":{"line":19,"column":0},"end":{"line":null,"column":-1}},"loc":{"start":{"line":19,"column":0},"end":{"line":24,"column":0}}},"2":{"name":"data","decl":{"start":{"line":27,"column":0},"end":{"line":null,"column":-1}},"loc":{"start":{"line":27,"column":0},"end":{"line":31,"column":0}}}},"branchMap":{},"s":{"0":0,"1":0,"2":0,"3":0,"4":0},"f":{"0":0,"1":0,"2":0},"b":{}}
}
