{"/Users/ajainvivek/SMDev/learn/vue-testing-with-jest/src/App.vue": {"path":"/Users/ajainvivek/SMDev/learn/vue-testing-with-jest/src/App.vue","statementMap":{"0":{"start":{"line":9,"column":0},"end":{"line":null,"column":-1}},"1":{"start":{"line":10,"column":0},"end":{"line":null,"column":-1}}},"fnMap":{},"branchMap":{},"s":{"0":0,"1":0},"f":{},"b":{}}
,"/Users/ajainvivek/SMDev/learn/vue-testing-with-jest/src/main.js": {"path":"/Users/ajainvivek/SMDev/learn/vue-testing-with-jest/src/main.js","statementMap":{"0":{"start":{"line":1,"column":0},"end":{"line":null,"column":-1}},"1":{"start":{"line":2,"column":0},"end":{"line":null,"column":-1}},"2":{"start":{"line":4,"column":0},"end":{"line":null,"column":-1}},"3":{"start":{"line":6,"column":10},"end":{"line":4,"column":7}}},"fnMap":{"0":{"name":"render","decl":{"start":{"line":6,"column":10},"end":{"line":6,"column":14}},"loc":{"start":{"line":6,"column":10},"end":{"line":4,"column":8}}}},"branchMap":{},"s":{"0":0,"1":0,"2":0,"3":0},"f":{"0":0},"b":{}}
,"/Users/ajainvivek/SMDev/learn/vue-testing-with-jest/src/components/MessageToggle.vue": {"path":"/Users/ajainvivek/SMDev/learn/vue-testing-with-jest/src/components/MessageToggle.vue","statementMap":{"0":{"start":{"line":11,"column":0},"end":{"line":null,"column":-1}},"1":{"start":{"line":15,"column":0},"end":{"line":null,"column":-1}},"2":{"start":{"line":20,"column":0},"end":{"line":null,"column":-1}}},"fnMap":{"0":{"name":"data","decl":{"start":{"line":15,"column":0},"end":{"line":null,"column":-1}},"loc":{"start":{"line":15,"column":0},"end":{"line":null,"column":-1}}},"1":{"name":"toggleMessage","decl":{"start":{"line":19,"column":0},"end":{"line":null,"column":-1}},"loc":{"start":{"line":19,"column":0},"end":{"line":21,"column":0}}}},"branchMap":{"0":{"loc":{"start":{"line":20,"column":0},"end":{"line":null,"column":-1}},"type":"cond-expr","locations":[{"start":{"line":20,"column":0},"end":{"line":null,"column":-1}},{"start":{"line":20,"column":0},"end":{"line":null,"column":-1}}]}},"s":{"0":1,"1":1,"2":2},"f":{"0":1,"1":2},"b":{"0":[1,1]}}
}
