TN:
SF:/Users/ajainvivek/SMDev/learn/vue-testing-with-jest/src/main.js
FN:11,render
FNF:1
FNH:0
FNDA:0,render
DA:1,0
DA:2,0
DA:3,0
DA:4,0
DA:6,0
DA:7,0
DA:9,0
DA:11,0
LF:8
LH:0
BRF:0
BRH:0
end_of_record
TN:
SF:/Users/ajainvivek/SMDev/learn/vue-testing-with-jest/src/router.js
FNF:0
FNH:0
DA:1,0
DA:2,0
DA:3,0
DA:5,0
DA:7,0
DA:16,0
LF:6
LH:0
BRF:0
BRH:0
end_of_record
TN:
SF:/Users/ajainvivek/SMDev/learn/vue-testing-with-jest/src/components/List.vue
FN:54,fetchMore
FNF:1
FNH:0
FNDA:0,fetchMore
DA:55,0
LF:1
LH:0
BRF:0
BRH:0
end_of_record
TN:
SF:/Users/ajainvivek/SMDev/learn/vue-testing-with-jest/src/pages/Home.vue
FN:18,characters
FN:19,(anonymous_3)
FN:27,data
FNF:3
FNH:0
FNDA:0,characters
FNDA:0,(anonymous_3)
FNDA:0,data
DA:8,0
DA:10,0
DA:19,0
DA:20,0
DA:28,0
LF:5
LH:0
BRF:0
BRH:0
end_of_record
