TN:
SF:/Users/ajainvivek/SMDev/learn/vue-testing-with-jest/src/App.vue
FNF:0
FNH:0
DA:9,0
DA:10,0
LF:2
LH:0
BRF:0
BRH:0
end_of_record
TN:
SF:/Users/ajainvivek/SMDev/learn/vue-testing-with-jest/src/main.js
FN:6,render
FNF:1
FNH:0
FNDA:0,render
DA:1,0
DA:2,0
DA:4,0
DA:6,0
LF:4
LH:0
BRF:0
BRH:0
end_of_record
TN:
SF:/Users/ajainvivek/SMDev/learn/vue-testing-with-jest/src/components/MessageToggle.vue
FN:15,data
FN:19,toggleMessage
FNF:2
FNH:2
FNDA:1,data
FNDA:2,toggleMessage
DA:11,1
DA:15,1
DA:20,2
LF:3
LH:3
BRDA:20,0,0,1
BRDA:20,0,1,1
BRF:2
BRH:2
end_of_record
